[error]: [2020-04-11T18:01:50.038Z] Validation Error: [{"message":"\"test\" is not allowed","path":["test"],"type":"object.unknown","context":{"child":"test","label":"test","value":"11111","key":"test"}}]
[error]: [2020-04-11T18:05:22.038Z] [400] Validation Error: [{"message":"\"test\" is not allowed","path":["test"],"type":"object.unknown","context":{"child":"test","label":"test","value":"11111","key":"test"}}]
[error]: [2020-04-11T18:09:01.027Z] [400] Validation Error: [{"message":"\"test\" is not allowed","path":["test"],"type":"object.unknown","context":{"child":"test","label":"test","value":"11111","key":"test"}}]
[error]: [2020-04-11T18:29:51.494Z] [500] Unhandled Rejection
[error]: [2020-04-11T18:30:01.827Z] [500] Unhandled Rejection
[error]: [2020-04-11T18:30:07.304Z] [500] Unhandled Rejection
[error]: [2020-04-11T18:31:20.309Z] [500] Unhandled Rejection
[error]: [2020-04-11T18:31:31.308Z] [500] Unhandled Rejection
[error]: [2020-04-11T18:31:57.202Z] [500] Unhandled Rejection
[error]: [2020-04-11T18:33:15.076Z] [500] Unhandled Rejection
[error]: [2020-04-11T18:34:22.200Z] [500] Uncaught Exception: Oops. Just throw error
[error]: [2020-04-11T18:34:34.229Z] [500] Uncaught Exception: Oops. Just throw error
[error]: [2020-04-11T18:55:59.415Z] [500] Internal Server Error
[error]: [2020-04-11T19:01:03.968Z] [500] Internal Server Error
[error]: [2020-04-11T19:01:32.652Z] [500] Internal Server Error
[error]: [2020-04-11T19:01:34.135Z] [500] Internal Server Error
[error]: [2020-04-11T19:01:35.657Z] [500] Internal Server Error
[error]: [2020-04-11T19:02:32.220Z] [500] Internal Server Error
[error]: [2020-04-11T19:02:53.980Z] [500] Internal Server Error
[error]: [2020-04-11T19:04:23.027Z] [500] Internal Server Error: Oops. Just throw error from controller e6054355-d5d2-4f23-a010-9e49f1dd047f
[error]: [2020-04-11T19:05:02.708Z] [500] Internal Server Error: Cannot access 'id' before initialization
[error]: [2020-04-11T19:16:12.956Z] [400] Validation Error: [{"message":"\"passwords\" is not allowed","path":["passwords"],"type":"object.unknown","context":{"child":"passwords","label":"passwords","value":"string","key":"passwords"}}]
[error]: [2020-04-11T20:46:20.341Z] [404] Not Found: Not found
[error]: [2020-04-11T20:46:24.377Z] [404] Not Found: Not found
[error]: [2020-04-11T20:47:09.865Z] [404] Not Found: Not found
[error]: [2020-04-11T20:50:15.676Z] [400] Validation Error: [{"message":"\"passwords\" is not allowed","path":["passwords"],"type":"object.unknown","context":{"child":"passwords","label":"passwords","value":"string","key":"passwords"}}]
[error]: [2020-04-11T20:50:25.759Z] [400] Validation Error: [{"message":"\"passwords\" is not allowed","path":["passwords"],"type":"object.unknown","context":{"child":"passwords","label":"passwords","value":"string","key":"passwords"}}]
[error]: [2020-04-11T20:51:22.534Z] [404] Not Found: Not found
[error]: [2020-04-11T20:51:28.668Z] [404] Not Found: Not found
[error]: [2020-04-11T20:53:21.120Z] [404] Not Found
